<?xml version="1.0" encoding="utf-8"?>
<TestRun id="40427532-9a4c-4c0b-86cc-aa339a64d69b" name="@buildkitsandbox 2025-11-18 15:50:57" xmlns="http://microsoft.com/schemas/VisualStudio/TeamTest/2010">
  <Times creation="2025-11-18T15:50:57.1541013+00:00" queuing="2025-11-18T15:50:57.1541016+00:00" start="2025-11-18T15:50:53.9525691+00:00" finish="2025-11-18T15:50:57.1699529+00:00" />
  <TestSettings name="default" id="a19baf3e-f1f1-4447-8a57-b150afbf0442">
    <Deployment runDeploymentRoot="_buildkitsandbox_2025-11-18_15_50_57" />
  </TestSettings>
  <Results>
    <UnitTestResult executionId="ac54cfc0-3fbe-45ea-a6da-3c38fbe6e458" testId="b3743104-32c4-59ff-a243-7058c2fc8a4d" testName="SuccessfulLogin" computerName="buildkitsandbox" duration="00:00:00.1798020" startTime="2025-11-18T15:50:56.5312059+00:00" endTime="2025-11-18T15:50:56.7107652+00:00" testType="13cdc9d9-ddb5-4fa4-a97d-d965ccfc6d4b" outcome="Passed" testListId="8c84fa94-04c1-424b-9868-57a2d4851a1d" relativeResultsDirectory="ac54cfc0-3fbe-45ea-a6da-3c38fbe6e458">
      <Output>
        <StdOut>Given I am testing docker
successfully landed at step defination file
-&gt; done: LoginSteps.Iamtestingdocker() (0.0s)</StdOut>
      </Output>
    </UnitTestResult>
  </Results>
  <TestDefinitions>
    <UnitTest name="SuccessfulLogin" storage="/app/bin/debug/net8.0/reqnrollprojectcucumberbdd.dll" id="b3743104-32c4-59ff-a243-7058c2fc8a4d">
      <Execution id="ac54cfc0-3fbe-45ea-a6da-3c38fbe6e458" />
      <TestMethod codeBase="/app/bin/Debug/net8.0/ReqnrollProjectCucumberBDD.dll" adapterTypeName="executor://nunit3testexecutor/" className="ReqnrollProjectCucumberBDD.Features.LoginFeature" name="SuccessfulLogin" />
    </UnitTest>
  </TestDefinitions>
  <TestEntries>
    <TestEntry testId="b3743104-32c4-59ff-a243-7058c2fc8a4d" executionId="ac54cfc0-3fbe-45ea-a6da-3c38fbe6e458" testListId="8c84fa94-04c1-424b-9868-57a2d4851a1d" />
  </TestEntries>
  <TestLists>
    <TestList name="Results Not in a List" id="8c84fa94-04c1-424b-9868-57a2d4851a1d" />
    <TestList name="All Loaded Results" id="19431567-8539-422a-85d7-44ee4e166bda" />
  </TestLists>
  <ResultSummary outcome="Completed">
    <Counters total="1" executed="1" passed="1" failed="0" error="0" timeout="0" aborted="0" inconclusive="0" passedButRunAborted="0" notRunnable="0" notExecuted="0" disconnected="0" warning="0" completed="0" inProgress="0" pending="0" />
    <Output>
      <StdOut>NUnit Adapter 4.5.0.0: Test execution started
Running all tests in /app/bin/Debug/net8.0/ReqnrollProjectCucumberBDD.dll
   NUnit3TestExecutor discovered 1 of 1 NUnit test cases using Current Discovery mode, Non-Explicit run
NUnit Adapter 4.5.0.0: Test execution complete
</StdOut>
    </Output>
    <RunInfos>
      <RunInfo computerName="buildkitsandbox" outcome="Warning" timestamp="2025-11-18T15:50:55.4820793+00:00">
        <Text>Data collection : Unable to find a datacollector with friendly name 'XPlat Code Coverage'.</Text>
      </RunInfo>
      <RunInfo computerName="buildkitsandbox" outcome="Warning" timestamp="2025-11-18T15:50:55.4837199+00:00">
        <Text>Data collection : Could not find data collector 'XPlat Code Coverage'</Text>
      </RunInfo>
      <RunInfo computerName="buildkitsandbox" outcome="Warning" timestamp="2025-11-18T15:50:56.7689601+00:00">
        <Text>Given I am testing docker
successfully landed at step defination file
-&gt; done: LoginSteps.Iamtestingdocker() (0.0s)
</Text>
      </RunInfo>
    </RunInfos>
  </ResultSummary>
</TestRun>